<?xml version="1.0" encoding="UTF-8"?>
<!-- Generated by org.testng.reporters.JUnitReportReporter -->
<testsuite hostname="DESKTOP-4A1G1BH" failures="0" tests="1" name="com.W3schools.test.LoginTest" time="33.431" errors="0" timestamp="2023-12-06T19:27:23 IST" skipped="0">
  <testcase classname="com.W3schools.test.LoginTest" name="loginWithCorrectCredentials" time="33.431"/>
  <system-out/>
</testsuite> <!-- com.W3schools.test.LoginTest -->
